c:\users\axsal\desktop\medianfilter-master\win32\debug\moc_mainwindow.obj
c:\users\axsal\desktop\medianfilter-master\win32\debug\moc_medianfilter.obj
c:\users\axsal\desktop\medianfilter-master\win32\debug\main.obj
c:\users\axsal\desktop\medianfilter-master\win32\debug\mainwindow.obj
c:\users\axsal\desktop\medianfilter-master\win32\debug\medianfilter.obj
c:\users\axsal\desktop\medianfilter-master\win32\debug\vc140.pdb
c:\users\axsal\desktop\medianfilter-master\debug\moc_predefs.h
c:\users\axsal\desktop\medianfilter-master\debug\medianfilter.ilk
c:\users\axsal\desktop\medianfilter-master\debug\medianfilter.exe
c:\users\axsal\desktop\medianfilter-master\debug\medianfilter.pdb
c:\users\axsal\desktop\medianfilter-master\ui_mainwindow.h
c:\users\axsal\desktop\medianfilter-master\debug\moc_mainwindow.cpp
c:\users\axsal\desktop\medianfilter-master\debug\moc_medianfilter.cpp
c:\users\axsal\desktop\medianfilter-master\win32\debug\medianfilter.tlog\cl.command.1.tlog
c:\users\axsal\desktop\medianfilter-master\win32\debug\medianfilter.tlog\cl.read.1.tlog
c:\users\axsal\desktop\medianfilter-master\win32\debug\medianfilter.tlog\cl.write.1.tlog
c:\users\axsal\desktop\medianfilter-master\win32\debug\medianfilter.tlog\custombuild.command.1.tlog
c:\users\axsal\desktop\medianfilter-master\win32\debug\medianfilter.tlog\custombuild.read.1.tlog
c:\users\axsal\desktop\medianfilter-master\win32\debug\medianfilter.tlog\custombuild.write.1.tlog
c:\users\axsal\desktop\medianfilter-master\win32\debug\medianfilter.tlog\link.command.1.tlog
c:\users\axsal\desktop\medianfilter-master\win32\debug\medianfilter.tlog\link.read.1.tlog
c:\users\axsal\desktop\medianfilter-master\win32\debug\medianfilter.tlog\link.write.1.tlog
c:\users\axsal\desktop\medianfilter-master\win32\debug\medianfilter.tlog\medianfilter.write.1u.tlog
c:\users\axsal\desktop\medianfilter-master\win32\debug\medianfilter.tlog\moc.read.1u.tlog
c:\users\axsal\desktop\medianfilter-master\win32\debug\medianfilter.tlog\moc.write.1u.tlog
c:\users\axsal\desktop\medianfilter-master\win32\debug\medianfilter.tlog\uic.read.1u.tlog
c:\users\axsal\desktop\medianfilter-master\win32\debug\medianfilter.tlog\uic.write.1u.tlog
